[02:04:25.575][INFO][KalitechApplication] KALITECH CORE 0.1.5-SNAPSHOT
[02:04:25.577][INFO][KalitechApplication] Java: 17.0.15
[02:04:25.577][INFO][KalitechApplication] OS: Windows 10 10.0
[02:04:25.590][INFO][GuiGlobals] Initializing GuiGlobals with:com.simsilica.lemur.GuiGlobals@331c9117
[02:04:25.598][INFO][GuiGlobals] Lemur build date:20220405
[02:04:25.598][INFO][BaseStyles] loadStyleResource(com/simsilica/lemur/style/base/glass-styles.groovy)
[02:04:26.500][INFO][BaseStyles] Loading base resource:jar:file:/C:/Users/Aiden/.gradle/caches/modules-2/files-2.1/com.simsilica/lemur/1.16.0/8e4af305c8c00dde11db8d76be8debd5ee751c09/lemur-1.16.0.jar!/com/simsilica/lemur/style/base/glass-styles.groovy
[02:04:27.085][INFO][BaseStyles] Loading extension resources for:com/simsilica/lemur/style/base/glass-styles.groovy
[02:04:27.861][WARN][MaterialUtils] [MAT] scheduler NOT found (runOnRenderThread/enqueue). Async texture swaps DISABLED -> using SYNC texture load fallback.
[02:04:27.872][INFO][MeshApiImpl] MeshApi: registered loader=com.jme3.scene.plugins.OBJLoader extensions=obj,mtl
[02:04:27.872][INFO][MeshApiImpl] MeshApi: registered loader=com.jme3.scene.plugins.fbx.FbxLoader extensions=fbx
[02:04:27.882][DEBUG][GraalScriptRuntime] [script] builtins: loading @builtin/bootstrap
[02:04:27.884][DEBUG][GraalScriptRuntime] [script] builtins: stream=open resource kalitech/builtin/bootstrap.js
[02:04:28.129][DEBUG][GraalScriptRuntime] [script] builtins: stream=open resource kalitech/builtin/Material/Material.js
[02:04:28.154][DEBUG][GraalScriptRuntime] [script] builtins: stream=open resource kalitech/builtin/Mesh/Mesh.js
[02:04:28.183][DEBUG][GraalScriptRuntime] [script] builtins: stream=open resource kalitech/builtin/Sound/Sound.js
[02:04:28.191][DEBUG][GraalScriptRuntime] [script] builtins: stream=open resource kalitech/builtin/Entity/Entity.js
[02:04:28.221][DEBUG][GraalScriptRuntime] [script] builtins: stream=open resource kalitech/builtin/Physics/Physics.js
[02:04:28.233][DEBUG][GraalScriptRuntime] [script] builtins: stream=open resource kalitech/builtin/Log/Log.js
[02:04:28.239][DEBUG][GraalScriptRuntime] [script] builtins: stream=open resource kalitech/builtin/Input/Input.js
[02:04:28.246][DEBUG][GraalScriptRuntime] [script] builtins: stream=open resource kalitech/builtin/Events/Events.js
[02:04:28.252][DEBUG][GraalScriptRuntime] [script] builtins: stream=open resource kalitech/builtin/Terrain/Terrain.js
[02:04:28.259][DEBUG][GraalScriptRuntime] [script] builtins: stream=open resource kalitech/builtin/Hud/Hud.js
[02:04:28.441][DEBUG][GraalScriptRuntime] [script] builtins: loaded @builtin/bootstrap (558 ms)
[02:04:28.444][DEBUG][GraalScriptRuntime] [script] builtins: aliases applied (6) [@core, @lib, @engine, @systems, @materials, @env]
[02:04:28.448][DEBUG][HotReloadWatcher] HotReloadWatcher registered: C:\Users\Aiden\Documents\GitHub\Kalitech\assets
[02:04:28.450][DEBUG][HotReloadWatcher] HotReloadWatcher registered: C:\Users\Aiden\Documents\GitHub\Kalitech\assets\data
[02:04:28.450][DEBUG][HotReloadWatcher] HotReloadWatcher registered: C:\Users\Aiden\Documents\GitHub\Kalitech\assets\data\camera
[02:04:28.450][DEBUG][HotReloadWatcher] HotReloadWatcher registered: C:\Users\Aiden\Documents\GitHub\Kalitech\assets\data\input
[02:04:28.451][DEBUG][HotReloadWatcher] HotReloadWatcher registered: C:\Users\Aiden\Documents\GitHub\Kalitech\assets\data\player
[02:04:28.451][DEBUG][HotReloadWatcher] HotReloadWatcher registered: C:\Users\Aiden\Documents\GitHub\Kalitech\assets\Models
[02:04:28.452][DEBUG][HotReloadWatcher] HotReloadWatcher registered: C:\Users\Aiden\Documents\GitHub\Kalitech\assets\Scripts
[02:04:28.452][DEBUG][HotReloadWatcher] HotReloadWatcher registered: C:\Users\Aiden\Documents\GitHub\Kalitech\assets\Scripts\Camera
[02:04:28.452][DEBUG][HotReloadWatcher] HotReloadWatcher registered: C:\Users\Aiden\Documents\GitHub\Kalitech\assets\Scripts\Camera\modes
[02:04:28.453][DEBUG][HotReloadWatcher] HotReloadWatcher registered: C:\Users\Aiden\Documents\GitHub\Kalitech\assets\Scripts\environment
[02:04:28.453][DEBUG][HotReloadWatcher] HotReloadWatcher registered: C:\Users\Aiden\Documents\GitHub\Kalitech\assets\Scripts\environment\sky
[02:04:28.454][DEBUG][HotReloadWatcher] HotReloadWatcher registered: C:\Users\Aiden\Documents\GitHub\Kalitech\assets\Scripts\environment\world
[02:04:28.454][DEBUG][HotReloadWatcher] HotReloadWatcher registered: C:\Users\Aiden\Documents\GitHub\Kalitech\assets\Scripts\player
[02:04:28.454][DEBUG][HotReloadWatcher] HotReloadWatcher registered: C:\Users\Aiden\Documents\GitHub\Kalitech\assets\Scripts\player\systems
[02:04:28.455][DEBUG][HotReloadWatcher] HotReloadWatcher registered: C:\Users\Aiden\Documents\GitHub\Kalitech\assets\Sounds
[02:04:28.455][DEBUG][HotReloadWatcher] HotReloadWatcher registered: C:\Users\Aiden\Documents\GitHub\Kalitech\assets\Textures
[02:04:28.455][DEBUG][HotReloadWatcher] HotReloadWatcher registered: C:\Users\Aiden\Documents\GitHub\Kalitech\assets\Textures\sharp-boulder-layered
[02:04:28.456][DEBUG][HotReloadWatcher] HotReloadWatcher registered: C:\Users\Aiden\Documents\GitHub\Kalitech\assets\Textures\Sky
[02:04:28.456][DEBUG][HotReloadWatcher] HotReloadWatcher registered: C:\Users\Aiden\Documents\GitHub\Kalitech\assets\Textures\Terrain
[02:04:28.457][DEBUG][HotReloadWatcher] HotReloadWatcher registered: C:\Users\Aiden\Documents\GitHub\Kalitech\assets\Textures\Terrain\Grass
[02:04:28.457][DEBUG][HotReloadWatcher] HotReloadWatcher registered: C:\Users\Aiden\Documents\GitHub\Kalitech\assets\Textures\Terrain\Rock
[02:04:28.457][DEBUG][HotReloadWatcher] HotReloadWatcher registered: C:\Users\Aiden\Documents\GitHub\Kalitech\assets\Textures\ui
[02:04:28.458][DEBUG][HotReloadWatcher] HotReloadWatcher registered: C:\Users\Aiden\Documents\GitHub\Kalitech\assets\ui
[02:04:28.458][DEBUG][HotReloadWatcher] HotReloadWatcher registered: C:\Users\Aiden\Documents\GitHub\Kalitech\assets\ui\icons
[02:04:28.458][INFO][HotReloadWatcher] HotReloadWatcher watching (recursive): C:\Users\Aiden\Documents\GitHub\Kalitech\assets
[02:04:28.460][INFO][SystemRegistry] SystemProvider registered: transform
[02:04:28.460][INFO][SystemRegistry] SystemProvider registered: scriptEntities
[02:04:28.460][INFO][SystemRegistry] SystemProvider registered: jsSystem
[02:04:28.461][INFO][RuntimeAppState] RuntimeAppState started: main='Scripts/main.js', watchRoot=C:\Users\Aiden\Documents\GitHub\Kalitech\assets
[02:04:28.561][INFO][EditorApiImpl] Editor mode ENABLED
[02:04:28.561][INFO][PhysicsApiImpl] [physics] cleared all bodies
[02:04:28.565][DEBUG][JsWorldSystemProvider] [jsSystem] prepared (module=@env/sky, unwrapped=false)
[02:04:28.566][INFO][JsWorldSystemProvider] [jsSystem] module=@env/sky
[02:04:28.566][DEBUG][SystemRegistry] System created: id=jsSystem provider=org.foxesworld.kalitech.engine.world.systems.providers.JsWorldSystemProvider
[02:04:28.567][INFO][WorldBuilder] WorldBuilder: added system id=jsSystem order=18
[02:04:28.567][DEBUG][JsWorldSystemProvider] [jsSystem] prepared (module=@env/world, unwrapped=false)
[02:04:28.567][INFO][JsWorldSystemProvider] [jsSystem] module=@env/world
[02:04:28.567][DEBUG][SystemRegistry] System created: id=jsSystem provider=org.foxesworld.kalitech.engine.world.systems.providers.JsWorldSystemProvider
[02:04:28.567][INFO][WorldBuilder] WorldBuilder: added system id=jsSystem order=20
[02:04:28.567][DEBUG][JsWorldSystemProvider] [jsSystem] prepared (module=Scripts/player, unwrapped=false)
[02:04:28.568][INFO][JsWorldSystemProvider] [jsSystem] module=Scripts/player
[02:04:28.568][DEBUG][SystemRegistry] System created: id=jsSystem provider=org.foxesworld.kalitech.engine.world.systems.providers.JsWorldSystemProvider
[02:04:28.568][INFO][WorldBuilder] WorldBuilder: added system id=jsSystem order=50
[02:04:28.616][INFO][EngineApiImpl] [sky] init
[02:04:28.622][INFO][EngineApiImpl] [sky] cfg.shadows exists=true mapSize=16384
[02:04:28.629][INFO][EngineApiImpl] [sky] apply shadows mapSize=8192
[02:04:28.630][INFO][RenderApiImpl] RenderApi: ambient created
[02:04:28.631][INFO][RenderApiImpl] RenderApi: ensureScene main FPP created
[02:04:28.631][INFO][RenderApiImpl] RenderApi: scene ensured
[02:04:28.632][INFO][RenderApiImpl] RenderApi: sun created
[02:04:28.639][INFO][RenderApiImpl] RenderApi: shadows enabled mapSize=8192 splits=3 lambda=0.65
[02:04:28.646][INFO][EngineApiImpl] [sky] torch id=4
[02:04:28.668][DEBUG][SurfaceRegistry] Registered spatial id=1 kind=box name=box-0 worldPos=(120.0, 3.0, -300.0)
[02:04:28.670][INFO][PhysicsApiImpl] [physics] tick listener bound (collision begin/stay/end + postStep)
[02:04:28.680][DEBUG][PhysicsApiImpl] [physics] body created id=1 surfaceId=1 mass=345.4097 kinematic=false lockRotation=false
[02:04:28.683][DEBUG][SurfaceRegistry] Registered spatial id=2 kind=box name=box-1 worldPos=(120.0, 3.0, -300.0)
[02:04:28.683][DEBUG][PhysicsApiImpl] [physics] body created id=2 surfaceId=2 mass=389.0779 kinematic=false lockRotation=false
[02:04:28.685][DEBUG][SurfaceRegistry] Registered spatial id=3 kind=box name=box-2 worldPos=(120.0, 3.0, -300.0)
[02:04:28.685][DEBUG][PhysicsApiImpl] [physics] body created id=3 surfaceId=3 mass=118.45276 kinematic=false lockRotation=false
[02:04:28.687][DEBUG][SurfaceRegistry] Registered spatial id=4 kind=box name=box-3 worldPos=(120.0, 3.0, -300.0)
[02:04:28.687][DEBUG][PhysicsApiImpl] [physics] body created id=4 surfaceId=4 mass=69.75272 kinematic=false lockRotation=false
[02:04:28.688][DEBUG][SurfaceRegistry] Registered spatial id=5 kind=box name=box-4 worldPos=(120.0, 3.0, -300.0)
[02:04:28.689][DEBUG][PhysicsApiImpl] [physics] body created id=5 surfaceId=5 mass=31.128786 kinematic=false lockRotation=false
[02:04:28.690][DEBUG][SurfaceRegistry] Registered spatial id=6 kind=box name=box-5 worldPos=(120.0, 3.0, -300.0)
[02:04:28.691][DEBUG][PhysicsApiImpl] [physics] body created id=6 surfaceId=6 mass=1616.1196 kinematic=false lockRotation=false
[02:04:28.692][DEBUG][SurfaceRegistry] Registered spatial id=7 kind=box name=box-6 worldPos=(120.0, 3.0, -300.0)
[02:04:28.692][DEBUG][PhysicsApiImpl] [physics] body created id=7 surfaceId=7 mass=7.2070303 kinematic=false lockRotation=false
[02:04:28.694][DEBUG][SurfaceRegistry] Registered spatial id=8 kind=box name=box-7 worldPos=(120.0, 3.0, -300.0)
[02:04:28.694][DEBUG][PhysicsApiImpl] [physics] body created id=8 surfaceId=8 mass=59.96146 kinematic=false lockRotation=false
[02:04:28.695][DEBUG][SurfaceRegistry] Registered spatial id=9 kind=box name=box-8 worldPos=(120.0, 3.0, -300.0)
[02:04:28.696][DEBUG][PhysicsApiImpl] [physics] body created id=9 surfaceId=9 mass=1360.397 kinematic=false lockRotation=false
[02:04:28.697][DEBUG][SurfaceRegistry] Registered spatial id=10 kind=box name=box-9 worldPos=(120.0, 3.0, -300.0)
[02:04:28.697][DEBUG][PhysicsApiImpl] [physics] body created id=10 surfaceId=10 mass=1152.1465 kinematic=false lockRotation=false
[02:04:28.703][INFO][EngineApiImpl] [skybox] applying: Textures/Sky/skyBox.dds
[02:04:28.740][INFO][RenderApiImpl] RenderApi: skybox set asset='Textures/Sky/skyBox.dds'
[02:04:28.757][INFO][EngineApiImpl] [scene] init
[02:04:28.958][DEBUG][SurfaceRegistry] Registered spatial id=11 kind=plane name=plane worldPos=(0.0, 0.0, 0.0)
[02:04:28.970][DEBUG][PhysicsApiImpl] [physics] body created id=11 surfaceId=11 mass=0.0 kinematic=true lockRotation=false
[02:04:29.075][INFO][EngineApiImpl] [player] movement walk=4.4 run=7.2 accel=undefined decel=undefined
[02:04:29.123][DEBUG][SurfaceRegistry] Registered spatial id=12 kind=capsule name=capsule worldPos=(129.0, 3.0, -300.0)
[02:04:29.131][DEBUG][PhysicsApiImpl] [physics] body created id=12 surfaceId=12 mass=80.0 kinematic=false lockRotation=true
[02:04:29.133][INFO][EngineApiImpl] [ENT] created name=player entityId=1 surfaceId=12 bodyId=12
[02:04:29.144][WARN][EngineApiImpl] [player] spawn snap missed ground (fromY=5 toY=-61)
[02:04:29.172][INFO][EngineApiImpl] [player] init ok entity=1 bodyId=12
[02:04:29.173][INFO][RuntimeAppState] World rebuilt from Scripts/main.js
[02:04:29.328][INFO][GuiGlobals] Initializing GuiGlobals with:com.simsilica.lemur.GuiGlobals@7be89126
[02:04:29.328][INFO][GuiGlobals] Lemur build date:20220405
[02:04:29.328][INFO][BaseStyles] loadStyleResource(com/simsilica/lemur/style/base/glass-styles.groovy)
[02:04:29.390][INFO][BaseStyles] Loading base resource:jar:file:/C:/Users/Aiden/.gradle/caches/modules-2/files-2.1/com.simsilica/lemur/1.16.0/8e4af305c8c00dde11db8d76be8debd5ee751c09/lemur-1.16.0.jar!/com/simsilica/lemur/style/base/glass-styles.groovy
[02:04:29.561][INFO][BaseStyles] Loading extension resources for:com/simsilica/lemur/style/base/glass-styles.groovy
[02:04:29.572][DEBUG][EngineApiImpl] [sky] phase=0.427 t=4.27 dt=1.0756
[02:04:31.581][DEBUG][EngineApiImpl] [sky] phase=0.628 t=6.28 dt=0.0167
[02:04:33.581][DEBUG][EngineApiImpl] [sky] phase=0.828 t=8.28 dt=0.0166
[02:04:35.581][DEBUG][EngineApiImpl] [sky] phase=0.028 t=0.28 dt=0.0167
[02:04:37.581][DEBUG][EngineApiImpl] [sky] phase=0.228 t=2.28 dt=0.0166
[02:04:39.582][DEBUG][EngineApiImpl] [sky] phase=0.428 t=4.28 dt=0.0167
[02:04:41.581][DEBUG][EngineApiImpl] [sky] phase=0.628 t=6.28 dt=0.0167
[02:04:43.582][DEBUG][EngineApiImpl] [sky] phase=0.828 t=8.28 dt=0.0167
[02:04:45.581][DEBUG][EngineApiImpl] [sky] phase=0.028 t=0.28 dt=0.0167
[02:04:47.583][DEBUG][EngineApiImpl] [sky] phase=0.228 t=2.28 dt=0.0167
[02:04:49.598][DEBUG][EngineApiImpl] [sky] phase=0.430 t=4.30 dt=0.0166
[02:04:51.599][DEBUG][EngineApiImpl] [sky] phase=0.630 t=6.30 dt=0.0167
[02:04:53.599][DEBUG][EngineApiImpl] [sky] phase=0.830 t=8.30 dt=0.0167
[02:04:55.151][DEBUG][SurfaceRegistry] Registered spatial id=13 kind=model name=shot-1 worldPos=(94.75173, 2.9399946, -294.2203)
[02:04:55.159][DEBUG][PhysicsApiImpl] [physics] body created id=13 surfaceId=13 mass=600.0 kinematic=false lockRotation=false
[02:04:55.615][DEBUG][EngineApiImpl] [sky] phase=0.032 t=0.32 dt=0.0274
[02:04:57.234][DEBUG][SurfaceRegistry] Registered spatial id=14 kind=model name=shot-2 worldPos=(94.75173, 2.9399984, -294.2203)
[02:04:57.238][DEBUG][PhysicsApiImpl] [physics] body created id=14 surfaceId=14 mass=600.0 kinematic=false lockRotation=false
[02:04:57.616][DEBUG][EngineApiImpl] [sky] phase=0.232 t=2.32 dt=0.0168
[02:04:59.101][DEBUG][SurfaceRegistry] Registered spatial id=15 kind=model name=shot-3 worldPos=(94.75173, 2.9399984, -294.2203)
[02:04:59.105][DEBUG][PhysicsApiImpl] [physics] body created id=15 surfaceId=15 mass=600.0 kinematic=false lockRotation=false
[02:04:59.317][DEBUG][SurfaceRegistry] Registered spatial id=16 kind=model name=shot-4 worldPos=(94.75173, 2.9399984, -294.2203)
[02:04:59.321][DEBUG][PhysicsApiImpl] [physics] body created id=16 surfaceId=16 mass=600.0 kinematic=false lockRotation=false
[02:04:59.517][DEBUG][SurfaceRegistry] Registered spatial id=17 kind=model name=shot-5 worldPos=(94.75173, 2.9399984, -294.2203)
[02:04:59.521][DEBUG][PhysicsApiImpl] [physics] body created id=17 surfaceId=17 mass=600.0 kinematic=false lockRotation=false
[02:04:59.616][DEBUG][EngineApiImpl] [sky] phase=0.432 t=4.32 dt=0.0170
[02:04:59.717][DEBUG][SurfaceRegistry] Registered spatial id=18 kind=model name=shot-6 worldPos=(94.75173, 2.9399984, -294.2203)
[02:04:59.721][DEBUG][PhysicsApiImpl] [physics] body created id=18 surfaceId=18 mass=600.0 kinematic=false lockRotation=false
[02:05:01.632][DEBUG][EngineApiImpl] [sky] phase=0.633 t=6.33 dt=0.0165
[02:05:03.633][DEBUG][EngineApiImpl] [sky] phase=0.833 t=8.33 dt=0.0167
[02:05:05.633][DEBUG][EngineApiImpl] [sky] phase=0.033 t=0.33 dt=0.0167
[02:05:05.951][DEBUG][PhysicsApiImpl] [physics] body removed id=12 surfaceId=12
[02:05:05.952][INFO][EngineApiImpl] [player] destroy
[02:05:05.964][INFO][GraalScriptRuntime] Closing GraalScriptRuntime
[02:05:05.972][INFO][RuntimeAppState] RuntimeAppState stopped
[02:05:05.972][INFO][WorldAppState] WorldAppState cleaned up
